18-12-12 14:29-DEBUG-Starting new HTTPS connection (1): www.amazon.de:443
18-12-12 14:29-DEBUG-Starting new HTTPS connection (1): www.amazon.com:443
18-12-12 14:29-DEBUG-Starting new HTTPS connection (1): www.amazon.com:443
18-12-12 14:29-DEBUG-Starting new HTTPS connection (1): www.amazon.co.uk:443
18-12-12 14:29-DEBUG-https://www.amazon.de:443 "GET /SONGMICS-Schreibtisch-Computertisch-B%C3%BCrotisch-Arbeitsfl%C3%A4che/dp/B076P4WTJL/ref=sr_1_1?ie=UTF8&qid=1543648266&sr=8-1&keywords=computer+desk HTTP/1.1" 200 None
18-12-12 14:29-DEBUG-https://www.amazon.co.uk:443 "GET /Lv-life-Computer-Printer-Workstation/dp/B07JBT789Z/ref=sr_1_11?m=A1IQ9SVIQ9MV3I&s=merchant-items&ie=UTF8&qid=1544070473&sr=1-11 HTTP/1.1" 200 None
18-12-12 14:29-DEBUG-https://www.amazon.com:443 "GET /Exblue-Splicable-Resistant-Duckboard-Bathroom/dp/B07GZGDNC9/ref=sr_1_6?m=A17AKNGJOX9L3K&s=merchant-items&ie=UTF8&qid=1544070501&sr=1-6 HTTP/1.1" 200 None
18-12-12 14:29-DEBUG-https://www.amazon.com:443 "GET /Plastic-Waterproof-Kennel-Outdoor-Favorite/dp/B07K7GCYPJ/ref=sr_1_5?m=A17AKNGJOX9L3K&s=merchant-items&ie=UTF8&qid=1544070501&sr=1-5 HTTP/1.1" 200 None
18-12-12 14:29-DEBUG-Starting new HTTPS connection (1): images-na.ssl-images-amazon.com:443
18-12-12 14:29-DEBUG-Starting new HTTPS connection (1): images-na.ssl-images-amazon.com:443
18-12-12 14:29-DEBUG-Starting new HTTPS connection (1): images-na.ssl-images-amazon.com:443
18-12-12 14:29-DEBUG-https://images-na.ssl-images-amazon.com:443 "GET /images/I/610e5xV%2BYIL._SX679_.jpg HTTP/1.1" 200 43018
18-12-12 14:29-DEBUG-https://images-na.ssl-images-amazon.com:443 "GET /images/I/6164sJunPUL._SX679_.jpg HTTP/1.1" 200 17865
18-12-12 14:29-DEBUG-https://images-na.ssl-images-amazon.com:443 "GET /images/I/51uWEG5-MAL._SX679_.jpg HTTP/1.1" 200 36917
18-12-12 14:29-DEBUG-Starting new HTTPS connection (1): images-na.ssl-images-amazon.com:443
18-12-12 14:29-DEBUG-https://images-na.ssl-images-amazon.com:443 "GET /images/I/61qPCzRjZOL._SX679_.jpg HTTP/1.1" 200 60318
18-12-12 14:29-DEBUG-Starting new HTTPS connection (1): www.amazon.com:443
18-12-12 14:29-DEBUG-Starting new HTTPS connection (1): www.amazon.de:443
18-12-12 14:29-DEBUG-Starting new HTTPS connection (1): www.amazon.co.uk:443
18-12-12 14:29-DEBUG-Starting new HTTPS connection (1): www.amazon.com:443
18-12-12 14:29-DEBUG-https://www.amazon.co.uk:443 "GET /Lv-life-Computer-Printer-Workstation/dp/B07JBT789Z/ref=sr_1_11?m=A1IQ9SVIQ9MV3I&s=merchant-items&ie=UTF8&qid=1544070473&sr=1-11 HTTP/1.1" 200 None
18-12-12 14:29-DEBUG-https://www.amazon.de:443 "GET /SONGMICS-Schreibtisch-Computertisch-B%C3%BCrotisch-Arbeitsfl%C3%A4che/dp/B076P4WTJL/ref=sr_1_1?ie=UTF8&qid=1543648266&sr=8-1&keywords=computer+desk HTTP/1.1" 200 None
18-12-12 14:29-DEBUG-https://www.amazon.com:443 "GET /Exblue-Splicable-Resistant-Duckboard-Bathroom/dp/B07GZGDNC9/ref=sr_1_6?m=A17AKNGJOX9L3K&s=merchant-items&ie=UTF8&qid=1544070501&sr=1-6 HTTP/1.1" 200 None
18-12-12 14:29-DEBUG-https://www.amazon.com:443 "GET /Plastic-Waterproof-Kennel-Outdoor-Favorite/dp/B07K7GCYPJ/ref=sr_1_5?m=A17AKNGJOX9L3K&s=merchant-items&ie=UTF8&qid=1544070501&sr=1-5 HTTP/1.1" 200 None
18-12-12 14:29-INFO-way 1
18-12-12 14:29-INFO-Getting reviews' links
18-12-12 14:29-DEBUG-Starting new HTTPS connection (1): www.amazon.co.uk:443
18-12-12 14:29-INFO-way 1
18-12-12 14:29-INFO-Getting reviews' links
18-12-12 14:29-DEBUG-Starting new HTTPS connection (1): www.amazon.com:443
18-12-12 14:29-DEBUG-https://www.amazon.co.uk:443 "GET //Lv-life-Computer-Printer-Workstation/product-reviews/B07JBT789Z/ref=cm_cr_dp_d_show_all_btm?ie=UTF8&reviewerType=all_reviews HTTP/1.1" 200 None
18-12-12 14:29-INFO-way 1
18-12-12 14:29-INFO-Getting reviews' links
18-12-12 14:29-DEBUG-Starting new HTTPS connection (1): www.amazon.de:443
18-12-12 14:29-INFO-way 1
18-12-12 14:29-INFO-way 2
18-12-12 14:29-INFO-Getting reviews' links
18-12-12 14:29-DEBUG-Starting new HTTPS connection (1): www.amazon.com:443
18-12-12 14:29-DEBUG-Starting new HTTPS connection (1): www.amazon.co.uk:443
18-12-12 14:29-DEBUG-https://www.amazon.com:443 "GET //Exblue-Splicable-Resistant-Duckboard-Bathroom/product-reviews/B07GZGDNC9/ref=cm_cr_dp_d_show_all_btm?ie=UTF8&reviewerType=all_reviews HTTP/1.1" 200 None
18-12-12 14:29-DEBUG-https://www.amazon.de:443 "GET //SONGMICS-Schreibtisch-Computertisch-B%C3%BCrotisch-Arbeitsfl%C3%A4che/product-reviews/B076P4WTJL/ref=cm_cr_dp_d_show_all_btm?ie=UTF8&reviewerType=all_reviews HTTP/1.1" 200 None
18-12-12 14:29-DEBUG-https://www.amazon.com:443 "GET //Plastic-Waterproof-Kennel-Outdoor-Favorite/product-reviews/B07K7GCYPJ/ref=cm_cr_dp_d_show_all_btm?ie=UTF8&reviewerType=all_reviews HTTP/1.1" 200 None
18-12-12 14:29-DEBUG-https://www.amazon.co.uk:443 "GET //Lv-life-Computer-Printer-Workstation/product-reviews/B07JBT789Z/ref=cm_cr_dp_d_show_all_btm?ie=UTF8&reviewerType=all_reviews HTTP/1.1" 200 None
18-12-12 14:29-DEBUG-Starting new HTTPS connection (1): www.amazon.com:443
18-12-12 14:29-DEBUG-Starting new HTTPS connection (1): www.amazon.com:443
18-12-12 14:29-DEBUG-Starting new HTTPS connection (1): www.amazon.co.uk:443
18-12-12 14:29-DEBUG-Starting new HTTPS connection (1): www.amazon.de:443
18-12-12 14:29-DEBUG-https://www.amazon.com:443 "GET //Exblue-Splicable-Resistant-Duckboard-Bathroom/product-reviews/B07GZGDNC9/ref=cm_cr_dp_d_show_all_btm?ie=UTF8&reviewerType=all_reviews HTTP/1.1" 200 None
18-12-12 14:29-DEBUG-https://www.amazon.co.uk:443 "GET //Lv-life-Computer-Printer-Workstation/product-reviews/B07JBT789Z/ref=cm_cr_dp_d_show_all_btm?ie=UTF8&reviewerType=all_reviews HTTP/1.1" 200 None
18-12-12 14:29-DEBUG-https://www.amazon.com:443 "GET //Plastic-Waterproof-Kennel-Outdoor-Favorite/product-reviews/B07K7GCYPJ/ref=cm_cr_dp_d_show_all_btm?ie=UTF8&reviewerType=all_reviews HTTP/1.1" 200 None
18-12-12 14:29-DEBUG-https://www.amazon.de:443 "GET //SONGMICS-Schreibtisch-Computertisch-B%C3%BCrotisch-Arbeitsfl%C3%A4che/product-reviews/B076P4WTJL/ref=cm_cr_arp_d_viewpnt_rgt?ie=UTF8&filterByStar=critical&reviewerType=all_reviews HTTP/1.1" 200 None
18-12-12 14:29-DEBUG-Starting new HTTPS connection (1): www.amazon.com:443
18-12-12 14:29-INFO-Last page's review(s)
18-12-12 14:29-DEBUG-Starting new HTTPS connection (1): www.amazon.de:443
18-12-12 14:29-DEBUG-https://www.amazon.com:443 "GET //Exblue-Splicable-Resistant-Duckboard-Bathroom/product-reviews/B07GZGDNC9/ref=cm_cr_dp_d_show_all_btm?ie=UTF8&reviewerType=all_reviews HTTP/1.1" 200 None
18-12-12 14:29-DEBUG-https://www.amazon.de:443 "GET //SONGMICS-Schreibtisch-Computertisch-B%C3%BCrotisch-Arbeitsfl%C3%A4che/product-reviews/B076P4WTJL/ref=cm_cr_arp_d_viewpnt_rgt?ie=UTF8&filterByStar=critical&reviewerType=all_reviews HTTP/1.1" 200 None
18-12-12 14:29-DEBUG-Starting new HTTPS connection (1): www.amazon.com:443
18-12-12 14:29-INFO-Last page's review(s)
18-12-12 14:29-INFO-Last page's review(s)
18-12-12 14:29-DEBUG-https://www.amazon.com:443 "GET //Plastic-Waterproof-Kennel-Outdoor-Favorite/product-reviews/B07K7GCYPJ/ref=cm_cr_dp_d_show_all_btm?ie=UTF8&reviewerType=all_reviews HTTP/1.1" 200 None
18-12-12 14:29-INFO-Last page's review(s)
18-12-12 14:29-INFO-数据写入Excel......
18-12-12 14:29-DEBUG-Starting new HTTPS connection (1): images-na.ssl-images-amazon.com:443
18-12-12 14:29-DEBUG-https://images-na.ssl-images-amazon.com:443 "GET /images/I/61qPCzRjZOL._SX679_.jpg HTTP/1.1" 200 60318
18-12-12 14:29-DEBUG-update_title_pos
18-12-12 14:29-DEBUG-findfont: Matching :family=sans-serif:style=normal:variant=normal:weight=normal:stretch=normal:size=17.28 to DejaVu Sans ('C:\\Users\\ADMINI~1.SKY\\AppData\\Local\\Temp\\_MEI124002\\mpl-data\\fonts\\ttf\\DejaVuSans.ttf') with score of 0.050000.
18-12-12 14:29-DEBUG-findfont: Matching :family=sans-serif:style=normal:variant=normal:weight=normal:stretch=normal:size=30.0 to DejaVu Sans ('C:\\Users\\ADMINI~1.SKY\\AppData\\Local\\Temp\\_MEI124002\\mpl-data\\fonts\\ttf\\DejaVuSans.ttf') with score of 0.050000.
18-12-12 14:29-DEBUG-update_title_pos
18-12-12 14:29-INFO-准备翻译评论--ASIN: B07GZGDNC9  ......
18-12-12 14:29-DEBUG-Starting new HTTPS connection (1): images-na.ssl-images-amazon.com:443
18-12-12 14:29-DEBUG-https://images-na.ssl-images-amazon.com:443 "GET /images/I/610e5xV%2BYIL._SX679_.jpg HTTP/1.1" 200 43018
18-12-12 14:29-DEBUG-update_title_pos
18-12-12 14:29-DEBUG-update_title_pos
18-12-12 14:29-INFO-准备翻译评论--ASIN: B07JBT789Z  ......
18-12-12 14:29-DEBUG-Starting new HTTPS connection (1): images-na.ssl-images-amazon.com:443
18-12-12 14:29-DEBUG-https://images-na.ssl-images-amazon.com:443 "GET /images/I/6164sJunPUL._SX679_.jpg HTTP/1.1" 200 17865
18-12-12 14:29-DEBUG-update_title_pos
18-12-12 14:29-DEBUG-update_title_pos
18-12-12 14:29-INFO-准备翻译评论--ASIN: B076P4WTJL  ......
18-12-12 14:29-DEBUG-Starting new HTTPS connection (1): images-na.ssl-images-amazon.com:443
18-12-12 14:29-DEBUG-https://images-na.ssl-images-amazon.com:443 "GET /images/I/51uWEG5-MAL._SX679_.jpg HTTP/1.1" 200 36917
18-12-12 14:29-DEBUG-update_title_pos
18-12-12 14:29-DEBUG-update_title_pos
18-12-12 14:29-INFO-准备翻译评论--ASIN: B07K7GCYPJ  ......
18-12-12 14:29-INFO-Excel写入完成......
18-12-12 14:32-DEBUG-Starting new HTTPS connection (1): www.amazon.com:443
18-12-12 14:32-DEBUG-Starting new HTTPS connection (1): www.amazon.com:443
18-12-12 14:32-DEBUG-Starting new HTTPS connection (1): www.amazon.co.uk:443
18-12-12 14:32-DEBUG-https://www.amazon.co.uk:443 "GET /Lv-life-Computer-Printer-Workstation/dp/B07JBT789Z/ref=sr_1_11?m=A1IQ9SVIQ9MV3I&s=merchant-items&ie=UTF8&qid=1544070473&sr=1-11 HTTP/1.1" 200 None
18-12-12 14:32-DEBUG-https://www.amazon.com:443 "GET /Exblue-Splicable-Resistant-Duckboard-Bathroom/dp/B07GZGDNC9/ref=sr_1_6?m=A17AKNGJOX9L3K&s=merchant-items&ie=UTF8&qid=1544070501&sr=1-6 HTTP/1.1" 200 None
18-12-12 14:32-DEBUG-https://www.amazon.com:443 "GET /Plastic-Waterproof-Kennel-Outdoor-Favorite/dp/B07K7GCYPJ/ref=sr_1_5?m=A17AKNGJOX9L3K&s=merchant-items&ie=UTF8&qid=1544070501&sr=1-5 HTTP/1.1" 200 None
18-12-12 14:32-INFO-way 1
18-12-12 14:32-INFO-way 2
18-12-12 14:32-INFO-Getting reviews' links
18-12-12 14:32-DEBUG-Starting new HTTPS connection (1): www.amazon.com:443
18-12-12 14:32-INFO-way 1
18-12-12 14:32-INFO-Getting reviews' links
18-12-12 14:32-DEBUG-Starting new HTTPS connection (1): www.amazon.co.uk:443
18-12-12 14:32-DEBUG-https://www.amazon.com:443 "GET //Plastic-Waterproof-Kennel-Outdoor-Favorite/product-reviews/B07K7GCYPJ/ref=cm_cr_dp_d_show_all_btm?ie=UTF8&reviewerType=all_reviews HTTP/1.1" 200 None
18-12-12 14:32-DEBUG-https://www.amazon.co.uk:443 "GET //Lv-life-Computer-Printer-Workstation/product-reviews/B07JBT789Z/ref=cm_cr_dp_d_show_all_btm?ie=UTF8&reviewerType=all_reviews HTTP/1.1" 200 None
18-12-12 14:32-DEBUG-Starting new HTTPS connection (1): www.amazon.co.uk:443
18-12-12 14:32-DEBUG-Starting new HTTPS connection (1): www.amazon.com:443
18-12-12 14:32-DEBUG-https://www.amazon.co.uk:443 "GET //Lv-life-Computer-Printer-Workstation/product-reviews/B07JBT789Z/ref=cm_cr_dp_d_show_all_btm?ie=UTF8&reviewerType=all_reviews HTTP/1.1" 200 None
18-12-12 14:32-DEBUG-https://www.amazon.com:443 "GET //Plastic-Waterproof-Kennel-Outdoor-Favorite/product-reviews/B07K7GCYPJ/ref=cm_cr_dp_d_show_all_btm?ie=UTF8&reviewerType=all_reviews HTTP/1.1" 200 None
18-12-12 14:32-DEBUG-Starting new HTTPS connection (1): www.amazon.co.uk:443
18-12-12 14:32-DEBUG-Starting new HTTPS connection (1): www.amazon.com:443
18-12-12 14:32-DEBUG-https://www.amazon.co.uk:443 "GET //Lv-life-Computer-Printer-Workstation/product-reviews/B07JBT789Z/ref=cm_cr_dp_d_show_all_btm?ie=UTF8&reviewerType=all_reviews HTTP/1.1" 200 None
18-12-12 14:32-INFO-way 1
18-12-12 14:32-INFO-Getting reviews' links
18-12-12 14:32-DEBUG-https://www.amazon.com:443 "GET //Plastic-Waterproof-Kennel-Outdoor-Favorite/product-reviews/B07K7GCYPJ/ref=cm_cr_dp_d_show_all_btm?ie=UTF8&reviewerType=all_reviews HTTP/1.1" 200 None
18-12-12 14:32-DEBUG-Starting new HTTPS connection (1): www.amazon.com:443
18-12-12 14:32-INFO-Last page's review(s)
18-12-12 14:32-DEBUG-https://www.amazon.com:443 "GET //Exblue-Splicable-Resistant-Duckboard-Bathroom/product-reviews/B07GZGDNC9/ref=cm_cr_dp_d_show_all_btm?ie=UTF8&reviewerType=all_reviews HTTP/1.1" 200 None
18-12-12 14:32-INFO-Last page's review(s)
18-12-12 14:32-DEBUG-Starting new HTTPS connection (1): www.amazon.com:443
18-12-12 14:32-DEBUG-https://www.amazon.com:443 "GET //Exblue-Splicable-Resistant-Duckboard-Bathroom/product-reviews/B07GZGDNC9/ref=cm_cr_dp_d_show_all_btm?ie=UTF8&reviewerType=all_reviews HTTP/1.1" 200 None
18-12-12 14:32-DEBUG-Starting new HTTPS connection (1): www.amazon.com:443
18-12-12 14:32-DEBUG-https://www.amazon.com:443 "GET //Exblue-Splicable-Resistant-Duckboard-Bathroom/product-reviews/B07GZGDNC9/ref=cm_cr_dp_d_show_all_btm?ie=UTF8&reviewerType=all_reviews HTTP/1.1" 200 None
18-12-12 14:32-INFO-Last page's review(s)
18-12-12 14:32-INFO-数据写入Excel......
18-12-12 14:32-DEBUG-Starting new HTTPS connection (1): images-na.ssl-images-amazon.com:443
18-12-12 14:32-DEBUG-https://images-na.ssl-images-amazon.com:443 "GET /images/I/61qPCzRjZOL._SX679_.jpg HTTP/1.1" 200 60318
18-12-12 14:32-DEBUG-update_title_pos
18-12-12 14:32-DEBUG-update_title_pos
18-12-12 14:32-INFO-准备翻译评论--ASIN: B07GZGDNC9  ......
18-12-12 14:32-DEBUG-Starting new HTTPS connection (1): images-na.ssl-images-amazon.com:443
18-12-12 14:32-DEBUG-https://images-na.ssl-images-amazon.com:443 "GET /images/I/610e5xV%2BYIL._SX679_.jpg HTTP/1.1" 200 43018
18-12-12 14:32-DEBUG-update_title_pos
18-12-12 14:32-DEBUG-update_title_pos
18-12-12 14:32-INFO-准备翻译评论--ASIN: B07JBT789Z  ......
18-12-12 14:32-DEBUG-Starting new HTTPS connection (1): images-na.ssl-images-amazon.com:443
18-12-12 14:32-DEBUG-https://images-na.ssl-images-amazon.com:443 "GET /images/I/51uWEG5-MAL._SX679_.jpg HTTP/1.1" 200 36917
18-12-12 14:32-DEBUG-update_title_pos
18-12-12 14:32-DEBUG-update_title_pos
18-12-12 14:32-INFO-准备翻译评论--ASIN: B07K7GCYPJ  ......
18-12-12 14:32-INFO-Excel写入完成......
